[21:37:24] [main/INFO]: Setting user: Player492
[21:37:25] [Client thread/INFO]: LWJGL Version: 2.9.1
[21:37:28] [Client thread/INFO]: Reloading ResourceManager: Default, FMLFileResourcePack:Forge Mod Loader, FMLFileResourcePack:Minecraft Forge, FMLFileResourcePack:Vehicle Parts Mod
[21:37:29] [Sound Library Loader/INFO]: Sound engine started
[21:37:29] [Client thread/INFO]: Created: 16x16 textures/blocks-atlas
[21:37:29] [Client thread/INFO]: Created: 16x16 textures/items-atlas
[21:37:29] [Client thread/INFO]: Reloading ResourceManager: Default, FMLFileResourcePack:Forge Mod Loader, FMLFileResourcePack:Minecraft Forge, FMLFileResourcePack:Vehicle Parts Mod
[21:37:30] [Client thread/INFO]: Created: 512x256 textures/blocks-atlas
[21:37:30] [Client thread/INFO]: Created: 512x256 textures/items-atlas
[21:37:30] [Sound Library Loader/INFO]: Sound engine started
[21:38:11] [Server thread/INFO]: Starting integrated minecraft server version 1.7.10
[21:38:11] [Server thread/INFO]: Generating keypair
[21:38:11] [Server thread/INFO]: Preparing start region for level 0
[21:38:11] [Server thread/INFO]: Changing view distance to 12, from 10
[21:38:11] [Server thread/INFO]: Player492[local:E:249d5c3f] logged in with entity id 386 at (130.54302477997206, 66.0, 258.7075592471831)
[21:38:11] [Server thread/INFO]: Player492 joined the game
[21:38:11] [Server thread/INFO]: Saving and pausing game...
[21:38:12] [Server thread/INFO]: Saving chunks for level 'VehicleParts Test'/Overworld
[21:38:12] [Server thread/INFO]: Saving chunks for level 'VehicleParts Test'/Nether
[21:38:12] [Server thread/INFO]: Saving chunks for level 'VehicleParts Test'/The End
[21:38:13] [Server thread/INFO]: Player492 has just earned the achievement [Taking Inventory]
[21:38:13] [Client thread/INFO]: [CHAT] Player492 has just earned the achievement [Taking Inventory]
[21:38:53] [Client thread/INFO]: Stopping!
[21:38:53] [Server thread/INFO]: Stopping server
[21:38:53] [Server thread/INFO]: Saving players
[21:38:53] [Server thread/INFO]: Saving worlds
[21:38:53] [Server thread/INFO]: Saving chunks for level 'VehicleParts Test'/Overworld
[21:38:53] [Server thread/INFO]: Saving chunks for level 'VehicleParts Test'/Nether
[21:38:53] [Server thread/INFO]: Saving chunks for level 'VehicleParts Test'/The End
